<?xml version="1.0" encoding="UTF-8"?>
<!-- Generated by org.testng.reporters.JUnitReportReporter -->
<testsuite hostname="DESKTOP-O55CN0U" failures="0" tests="1" name="com.icix.producttest.QA_28_Test" time="0.955" errors="0" timestamp="28 Dec 2018 14:28:03 GMT" skipped="0">
  <testcase classname="com.icix.producttest.QA_28_Test" name="OpenRequestPage" time="0.955"/>
</testsuite> <!-- com.icix.producttest.QA_28_Test -->
